<?xml version="1.0" encoding="UTF-8"?>
<testng-results skipped="0" failed="0" ignored="0" total="1" passed="1">
  <reporter-output>
  </reporter-output>
  <suite name="Default suite" duration-ms="45449" started-at="2020-04-06T16:10:42Z" finished-at="2020-04-06T16:11:27Z">
    <groups>
    </groups>
    <test name="Default test" duration-ms="45449" started-at="2020-04-06T16:10:42Z" finished-at="2020-04-06T16:11:27Z">
      <class name="amazonScript.AmazonDemo">
        <test-method status="PASS" signature="setUp()[pri:0, instance:amazonScript.AmazonDemo@6f7fd0e6]" name="setUp" is-config="true" duration-ms="15441" started-at="2020-04-06T21:40:42Z" finished-at="2020-04-06T21:40:57Z">
          <reporter-output>
          </reporter-output>
        </test-method> <!-- setUp -->
        <test-method status="PASS" signature="testUntitled()[pri:0, instance:amazonScript.AmazonDemo@6f7fd0e6]" name="testUntitled" duration-ms="26225" started-at="2020-04-06T21:40:57Z" finished-at="2020-04-06T21:41:23Z">
          <reporter-output>
          </reporter-output>
        </test-method> <!-- testUntitled -->
        <test-method status="PASS" signature="tearDown()[pri:0, instance:amazonScript.AmazonDemo@6f7fd0e6]" name="tearDown" is-config="true" duration-ms="3753" started-at="2020-04-06T21:41:23Z" finished-at="2020-04-06T21:41:27Z">
          <reporter-output>
          </reporter-output>
        </test-method> <!-- tearDown -->
      </class> <!-- amazonScript.AmazonDemo -->
    </test> <!-- Default test -->
  </suite> <!-- Default suite -->
</testng-results>
